info: {"success":true,"message":"Token Generated","token":"eyJhbGciOiJIUzI1NiIsInR5cCI6IkpXVCJ9.eyJfaWQiOiI2MDQ4NTk0OTUzODEwNDM4MzQxZmVkNzgiLCJmaXJzdE5hbWUiOiJIaW1hbnNodSIsImxhc3ROYW1lIjoiR3VwdGEiLCJlbWFpbCI6InRyaXBhdGhpc2hpdmFtLjMxMUBnbWFpbC5jb20iLCJtb2JpbGUiOjg3NjUxNDU2OTgsImlhdCI6MTYxNTc1MzkzNiwiZXhwIjoxNjE1NzYxMTM2fQ.Lx5OHs5pJuwGkjNsL_Q3FGTGzS1lKtVhOgp7ENUq4A4"} {"timestamp":"15-03-2021 02:02:16"}
info: {"flag":true,"message":"Login sucessfull !","data":{"_id":"6048594953810438341fed78","firstName":"Himanshu","lastName":"Gupta","email":"tripathishivam.311@gmail.com","mobile":8765145698,"token":"eyJhbGciOiJIUzI1NiIsInR5cCI6IkpXVCJ9.eyJfaWQiOiI2MDQ4NTk0OTUzODEwNDM4MzQxZmVkNzgiLCJmaXJzdE5hbWUiOiJIaW1hbnNodSIsImxhc3ROYW1lIjoiR3VwdGEiLCJlbWFpbCI6InRyaXBhdGhpc2hpdmFtLjMxMUBnbWFpbC5jb20iLCJtb2JpbGUiOjg3NjUxNDU2OTgsImlhdCI6MTYxNTc1MzkzNiwiZXhwIjoxNjE1NzYxMTM2fQ.Lx5OHs5pJuwGkjNsL_Q3FGTGzS1lKtVhOgp7ENUq4A4"},"code":200} {"timestamp":"15-03-2021 02:02:16"}
info: This is port 4000 {"timestamp":"15-03-2021 02:04:43"}
info: This is port 4000 {"timestamp":"15-03-2021 02:05:46"}
info: This is port 4000 {"timestamp":"15-03-2021 02:47:05"}
info: {"flag":true,"message":"labels by userId","result":[{"_id":"604bd23d236b6c325c30eadf","userId":"6048594953810438341fed78","labelTitle":"reactjs note","__v":0},{"_id":"604e5c2867d9500bf489574f","userId":"6048594953810438341fed78","labelTitle":"reactjs note is established","__v":0},{"_id":"604e5cda67d9500bf4895753","userId":"6048594953810438341fed78","labelTitle":"This is my lable","__v":0}],"code":200} {"timestamp":"15-03-2021 02:47:08"}
info: This is port 4000 {"timestamp":"15-03-2021 02:47:57"}
info: {"success":true,"message":"Token Generated","token":"eyJhbGciOiJIUzI1NiIsInR5cCI6IkpXVCJ9.eyJfaWQiOiI2MDRlMzk0NzVlMzYwMjI0YjBkNTU2ZWMiLCJmaXJzdE5hbWUiOiJTaGl2YW5zaCIsImxhc3ROYW1lIjoiR3VwdGEiLCJlbWFpbCI6InRyaXBhdGhpc2hpdmFtLjMxMTJAZ21haWwuY29tIiwibW9iaWxlIjo4NzY1MTQ1Njk4LCJpYXQiOjE2MTU3NTY3NTEsImV4cCI6MTYxNTc2Mzk1MX0.TAg5rq2PrGpzUm2o4ZctcWtixqBHO1k3YrB_YtRa4ZE"} {"timestamp":"15-03-2021 02:49:11"}
info: {"flag":true,"message":"Login sucessfull !","data":{"_id":"604e39475e360224b0d556ec","firstName":"Shivansh","lastName":"Gupta","email":"tripathishivam.3112@gmail.com","mobile":8765145698,"token":"eyJhbGciOiJIUzI1NiIsInR5cCI6IkpXVCJ9.eyJfaWQiOiI2MDRlMzk0NzVlMzYwMjI0YjBkNTU2ZWMiLCJmaXJzdE5hbWUiOiJTaGl2YW5zaCIsImxhc3ROYW1lIjoiR3VwdGEiLCJlbWFpbCI6InRyaXBhdGhpc2hpdmFtLjMxMTJAZ21haWwuY29tIiwibW9iaWxlIjo4NzY1MTQ1Njk4LCJpYXQiOjE2MTU3NTY3NTEsImV4cCI6MTYxNTc2Mzk1MX0.TAg5rq2PrGpzUm2o4ZctcWtixqBHO1k3YrB_YtRa4ZE"},"code":200} {"timestamp":"15-03-2021 02:49:11"}
info: {"flag":true,"message":"labels by userId","result":[{"_id":"604e7e0e9ec97a2f90a8c73d","userId":"604e39475e360224b0d556ec","labelTitle":"This is new lable","__v":0}],"code":200} {"timestamp":"15-03-2021 02:50:37"}
info: This is port 4000 {"timestamp":"15-03-2021 02:51:40"}
info: {"flag":true,"message":"Label successfull!","result":{"_id":"604e7e75ae3ae208c07c4dd5","userId":"604e39475e360224b0d556ec","labelTitle":"new label created","__v":0},"code":200} {"timestamp":"15-03-2021 02:51:57"}
info: {"flag":true,"message":"labels by userId","result":[{"_id":"604e7e0e9ec97a2f90a8c73d","userId":"604e39475e360224b0d556ec","labelTitle":"This is new lable","__v":0},{"_id":"604e7e75ae3ae208c07c4dd5","userId":"604e39475e360224b0d556ec","labelTitle":"new label created","__v":0}],"code":200} {"timestamp":"15-03-2021 02:52:11"}
info: This is port 4000 {"timestamp":"15-03-2021 02:52:34"}
info: {"flag":true,"message":"labels by userId","result":[{"_id":"604e7e0e9ec97a2f90a8c73d","userId":"604e39475e360224b0d556ec","labelTitle":"This is new lable","__v":0},{"_id":"604e7e75ae3ae208c07c4dd5","userId":"604e39475e360224b0d556ec","labelTitle":"new label created","__v":0}],"code":200} {"timestamp":"15-03-2021 02:52:35"}
info: This is port 4000 {"timestamp":"15-03-2021 02:57:17"}
info: This is port 4000 {"timestamp":"15-03-2021 02:58:00"}
info: This is port 4000 {"timestamp":"15-03-2021 02:58:26"}
info: This is port 4000 {"timestamp":"15-03-2021 03:04:27"}
info: This is port 4000 {"timestamp":"15-03-2021 03:04:44"}
info: {"flag":true,"message":"labels by userId","result":[{"_id":"604e7e0e9ec97a2f90a8c73d","userId":"604e39475e360224b0d556ec","labelTitle":"This is new lable","__v":0},{"_id":"604e7e75ae3ae208c07c4dd5","userId":"604e39475e360224b0d556ec","labelTitle":"new label created","__v":0}],"code":200} {"timestamp":"15-03-2021 03:04:45"}
info: This is port 4000 {"timestamp":"15-03-2021 03:05:07"}
info: This is port 4000 {"timestamp":"15-03-2021 03:06:42"}
info: This is port 4000 {"timestamp":"15-03-2021 03:06:59"}
info: This is port 4000 {"timestamp":"15-03-2021 03:08:00"}
info: {"flag":true,"message":"labels by userId","result":[{"_id":"604e7e0e9ec97a2f90a8c73d","userId":"604e39475e360224b0d556ec","labelTitle":"This is new lable","__v":0},{"_id":"604e7e75ae3ae208c07c4dd5","userId":"604e39475e360224b0d556ec","labelTitle":"new label created","__v":0}],"code":200} {"timestamp":"15-03-2021 03:08:02"}
info: This is port 4000 {"timestamp":"15-03-2021 03:09:16"}
info: {"flag":true,"message":"labels by userId","result":[{"_id":"604e7e0e9ec97a2f90a8c73d","userId":"604e39475e360224b0d556ec","labelTitle":"This is new lable","__v":0},{"_id":"604e7e75ae3ae208c07c4dd5","userId":"604e39475e360224b0d556ec","labelTitle":"new label created","__v":0}],"code":200} {"timestamp":"15-03-2021 03:09:17"}
info: This is port 4000 {"timestamp":"15-03-2021 03:10:15"}
info: This is port 4000 {"timestamp":"15-03-2021 03:13:32"}
info: This is port 4000 {"timestamp":"15-03-2021 10:36:48"}
info: This is port 4000 {"timestamp":"15-03-2021 10:37:11"}
info: This is port 4000 {"timestamp":"15-03-2021 10:38:25"}
info: {"success":true,"message":"Token Generated","token":"eyJhbGciOiJIUzI1NiIsInR5cCI6IkpXVCJ9.eyJfaWQiOiI2MDRlMzk0NzVlMzYwMjI0YjBkNTU2ZWMiLCJmaXJzdE5hbWUiOiJTaGl2YW5zaCIsImxhc3ROYW1lIjoiR3VwdGEiLCJlbWFpbCI6InRyaXBhdGhpc2hpdmFtLjMxMTJAZ21haWwuY29tIiwibW9iaWxlIjo4NzY1MTQ1Njk4LCJpYXQiOjE2MTU3ODQ5NjYsImV4cCI6MTYxNTc5MjE2Nn0.df8PKAgOjxcWo9itcxMaQK4hPavcvCctT8cg47cjIno"} {"timestamp":"15-03-2021 10:39:26"}
info: {"flag":true,"message":"Login sucessfull !","data":{"_id":"604e39475e360224b0d556ec","firstName":"Shivansh","lastName":"Gupta","email":"tripathishivam.3112@gmail.com","mobile":8765145698,"token":"eyJhbGciOiJIUzI1NiIsInR5cCI6IkpXVCJ9.eyJfaWQiOiI2MDRlMzk0NzVlMzYwMjI0YjBkNTU2ZWMiLCJmaXJzdE5hbWUiOiJTaGl2YW5zaCIsImxhc3ROYW1lIjoiR3VwdGEiLCJlbWFpbCI6InRyaXBhdGhpc2hpdmFtLjMxMTJAZ21haWwuY29tIiwibW9iaWxlIjo4NzY1MTQ1Njk4LCJpYXQiOjE2MTU3ODQ5NjYsImV4cCI6MTYxNTc5MjE2Nn0.df8PKAgOjxcWo9itcxMaQK4hPavcvCctT8cg47cjIno"},"code":200} {"timestamp":"15-03-2021 10:39:26"}
info: This is port 4000 {"timestamp":"15-03-2021 10:46:48"}
info: This is port 4000 {"timestamp":"15-03-2021 10:46:56"}
info: This is port 4000 {"timestamp":"15-03-2021 10:47:24"}
info: This is port 4000 {"timestamp":"15-03-2021 10:51:42"}
info: This is port 4000 {"timestamp":"15-03-2021 10:52:08"}
info: This is port 4000 {"timestamp":"15-03-2021 10:54:05"}
info: This is port 4000 {"timestamp":"15-03-2021 10:54:53"}
info: This is port 4000 {"timestamp":"15-03-2021 10:56:38"}
info: This is port 4000 {"timestamp":"15-03-2021 10:59:12"}
info: This is port 4000 {"timestamp":"15-03-2021 10:59:22"}
info: This is port 4000 {"timestamp":"15-03-2021 10:59:56"}
info: This is port 4000 {"timestamp":"15-03-2021 11:02:26"}
info: This is port 4000 {"timestamp":"15-03-2021 11:03:02"}
info: {"n":1,"nModified":1,"ok":1} {"timestamp":"15-03-2021 11:03:04"}
info: This is port 4000 {"timestamp":"15-03-2021 11:07:20"}
info: This is port 4000 {"timestamp":"15-03-2021 11:09:04"}
info: This is port 4000 {"timestamp":"15-03-2021 11:09:57"}
info: This is port 4000 {"timestamp":"15-03-2021 11:11:13"}
info: This is port 4000 {"timestamp":"15-03-2021 11:11:51"}
info: This is port 4000 {"timestamp":"15-03-2021 11:12:09"}
info: {"success":true,"message":"Token Generated","token":"eyJhbGciOiJIUzI1NiIsInR5cCI6IkpXVCJ9.eyJfaWQiOiI2MDQ4NTk0OTUzODEwNDM4MzQxZmVkNzgiLCJmaXJzdE5hbWUiOiJIaW1hbnNodSIsImxhc3ROYW1lIjoiR3VwdGEiLCJlbWFpbCI6InRyaXBhdGhpc2hpdmFtLjMxMUBnbWFpbC5jb20iLCJtb2JpbGUiOjg3NjUxNDU2OTgsImlhdCI6MTYxNTc4NzA4NywiZXhwIjoxNjE1Nzk0Mjg3fQ.D6nn0mh8_chq8tYqAmybKs8QmuOtn0kSdeaetg8dArs"} {"timestamp":"15-03-2021 11:14:47"}
info: {"flag":true,"message":"Login sucessfull !","data":{"_id":"6048594953810438341fed78","firstName":"Himanshu","lastName":"Gupta","email":"tripathishivam.311@gmail.com","mobile":8765145698,"token":"eyJhbGciOiJIUzI1NiIsInR5cCI6IkpXVCJ9.eyJfaWQiOiI2MDQ4NTk0OTUzODEwNDM4MzQxZmVkNzgiLCJmaXJzdE5hbWUiOiJIaW1hbnNodSIsImxhc3ROYW1lIjoiR3VwdGEiLCJlbWFpbCI6InRyaXBhdGhpc2hpdmFtLjMxMUBnbWFpbC5jb20iLCJtb2JpbGUiOjg3NjUxNDU2OTgsImlhdCI6MTYxNTc4NzA4NywiZXhwIjoxNjE1Nzk0Mjg3fQ.D6nn0mh8_chq8tYqAmybKs8QmuOtn0kSdeaetg8dArs"},"code":200} {"timestamp":"15-03-2021 11:14:47"}
info: {"flag":true,"message":"Label successfull!","result":{"_id":"604ef5459b0d001e9cd9c2f4","userId":"6048594953810438341fed78","labelTitle":"new label","__v":0},"code":200} {"timestamp":"15-03-2021 11:18:53"}
info: This is port 4000 {"timestamp":"15-03-2021 11:54:18"}
info: This is port 4000 {"timestamp":"15-03-2021 11:55:09"}
info: This is port 4000 {"timestamp":"15-03-2021 11:56:38"}
info: This is port 4000 {"timestamp":"15-03-2021 11:57:28"}
info: This is port 4000 {"timestamp":"15-03-2021 11:57:54"}
info: This is port 4000 {"timestamp":"15-03-2021 11:58:09"}
info: This is port 4000 {"timestamp":"15-03-2021 12:22:57"}
info: This is port 4000 {"timestamp":"15-03-2021 12:23:22"}
info: This is port 4000 {"timestamp":"15-03-2021 21:40:18"}
info: This is port 4000 {"timestamp":"15-03-2021 22:43:07"}
info: This is port 4000 {"timestamp":"15-03-2021 22:43:10"}
info: This is port 4000 {"timestamp":"15-03-2021 22:43:32"}
info: This is port 4000 {"timestamp":"15-03-2021 23:04:47"}
info: This is port 4000 {"timestamp":"15-03-2021 23:05:24"}
info: This is port 4000 {"timestamp":"15-03-2021 23:09:09"}
info: {"success":true,"message":"Token Generated","token":"eyJhbGciOiJIUzI1NiIsInR5cCI6IkpXVCJ9.eyJfaWQiOiI2MDQ4NTk0OTUzODEwNDM4MzQxZmVkNzgiLCJmaXJzdE5hbWUiOiJIaW1hbnNodSIsImxhc3ROYW1lIjoiR3VwdGEiLCJlbWFpbCI6InRyaXBhdGhpc2hpdmFtLjMxMUBnbWFpbC5jb20iLCJtb2JpbGUiOjg3NjUxNDU2OTgsImlhdCI6MTYxNTgyOTk1NywiZXhwIjoxNjE1ODM3MTU3fQ.QFz7Lk9CfU-snV4f23Z7esHu8NL9eVc1I03QNSlBigU"} {"timestamp":"15-03-2021 23:09:17"}
info: {"flag":true,"message":"Login sucessfull !","data":{"_id":"6048594953810438341fed78","firstName":"Himanshu","lastName":"Gupta","email":"tripathishivam.311@gmail.com","mobile":8765145698,"token":"eyJhbGciOiJIUzI1NiIsInR5cCI6IkpXVCJ9.eyJfaWQiOiI2MDQ4NTk0OTUzODEwNDM4MzQxZmVkNzgiLCJmaXJzdE5hbWUiOiJIaW1hbnNodSIsImxhc3ROYW1lIjoiR3VwdGEiLCJlbWFpbCI6InRyaXBhdGhpc2hpdmFtLjMxMUBnbWFpbC5jb20iLCJtb2JpbGUiOjg3NjUxNDU2OTgsImlhdCI6MTYxNTgyOTk1NywiZXhwIjoxNjE1ODM3MTU3fQ.QFz7Lk9CfU-snV4f23Z7esHu8NL9eVc1I03QNSlBigU"},"code":200} {"timestamp":"15-03-2021 23:09:17"}
info: This is port 4000 {"timestamp":"15-03-2021 23:13:49"}
info: This is port 4000 {"timestamp":"15-03-2021 23:14:18"}
info: This is port 4000 {"timestamp":"15-03-2021 23:15:20"}
info: This is port 4000 {"timestamp":"15-03-2021 23:19:00"}
info: This is port 4000 {"timestamp":"15-03-2021 23:19:37"}
info: This is port 4000 {"timestamp":"15-03-2021 23:20:57"}
info: This is port 4000 {"timestamp":"15-03-2021 23:21:14"}
info: This is port 4000 {"timestamp":"15-03-2021 23:22:39"}
info: This is port 4000 {"timestamp":"15-03-2021 23:22:55"}
info: This is port 4000 {"timestamp":"15-03-2021 23:23:12"}
info: This is port 4000 {"timestamp":"15-03-2021 23:24:05"}
info: This is port 4000 {"timestamp":"15-03-2021 23:24:25"}
info: This is port 4000 {"timestamp":"15-03-2021 23:25:51"}
info: This is port 4000 {"timestamp":"15-03-2021 23:26:22"}
info: This is port 4000 {"timestamp":"15-03-2021 23:31:13"}
info: This is port 4000 {"timestamp":"15-03-2021 23:31:23"}
info: This is port 4000 {"timestamp":"15-03-2021 23:31:33"}
info: This is port 4000 {"timestamp":"15-03-2021 23:32:39"}
info: This is port 4000 {"timestamp":"15-03-2021 23:33:26"}
info: This is port 4000 {"timestamp":"15-03-2021 23:34:16"}
info: This is port 4000 {"timestamp":"15-03-2021 23:34:30"}
info: This is port 4000 {"timestamp":"15-03-2021 23:34:59"}
info: This is port 4000 {"timestamp":"15-03-2021 23:36:14"}
info: This is port 4000 {"timestamp":"15-03-2021 23:39:01"}
info: This is port 4000 {"timestamp":"15-03-2021 23:39:42"}
info: This is port 4000 {"timestamp":"15-03-2021 23:39:59"}
info: This is port 4000 {"timestamp":"15-03-2021 23:41:10"}
info: This is port 4000 {"timestamp":"15-03-2021 23:43:12"}
info: This is port 4000 {"timestamp":"15-03-2021 23:43:17"}
info: This is port 4000 {"timestamp":"15-03-2021 23:43:44"}
info: This is port 4000 {"timestamp":"15-03-2021 23:44:09"}
info: This is port 4000 {"timestamp":"15-03-2021 23:53:25"}
info: This is port 4000 {"timestamp":"15-03-2021 23:54:51"}
info: This is port 4000 {"timestamp":"15-03-2021 23:55:31"}
info: This is port 4000 {"timestamp":"15-03-2021 23:57:10"}
info: This is port 4000 {"timestamp":"16-03-2021 00:01:49"}
info: This is port 4000 {"timestamp":"16-03-2021 00:04:13"}
info: {"flag":true,"message":"Label successfull!","result":{"_id":"604faa1533137c03a8b8ba0b","userId":"6048594953810438341fed78","labelTitle":"new label is","__v":0},"code":200} {"timestamp":"16-03-2021 00:10:21"}
info: This is port 4000 {"timestamp":"16-03-2021 00:14:35"}
info: This is port 4000 {"timestamp":"16-03-2021 00:14:56"}
info: This is port 4000 {"timestamp":"16-03-2021 00:15:42"}
info: This is port 4000 {"timestamp":"16-03-2021 00:15:48"}
info: This is port 4000 {"timestamp":"16-03-2021 00:17:16"}
info: This is port 4000 {"timestamp":"16-03-2021 00:17:40"}
info: This is port 4000 {"timestamp":"16-03-2021 00:17:52"}
info: This is port 4000 {"timestamp":"16-03-2021 00:18:35"}
info: This is port 4000 {"timestamp":"16-03-2021 00:31:52"}
info: This is port 4000 {"timestamp":"16-03-2021 01:05:31"}
info: This is port 4000 {"timestamp":"16-03-2021 01:09:53"}
info: This is port 4000 {"timestamp":"16-03-2021 01:14:31"}
info: This is port 4000 {"timestamp":"16-03-2021 01:16:09"}
info: {"success":true,"message":"Token Generated","token":"eyJhbGciOiJIUzI1NiIsInR5cCI6IkpXVCJ9.eyJfaWQiOiI2MDQ4NTk0OTUzODEwNDM4MzQxZmVkNzgiLCJmaXJzdE5hbWUiOiJIaW1hbnNodSIsImxhc3ROYW1lIjoiR3VwdGEiLCJlbWFpbCI6InRyaXBhdGhpc2hpdmFtLjMxMUBnbWFpbC5jb20iLCJtb2JpbGUiOjg3NjUxNDU2OTgsImlhdCI6MTYxNTgzNzYyMSwiZXhwIjoxNjE1ODQ0ODIxfQ.i7aOY_BittjtbH9fsI3AN0ztP_3v9qr49YCAshakCPA"} {"timestamp":"16-03-2021 01:17:01"}
info: {"flag":true,"message":"Login sucessfull !","data":{"_id":"6048594953810438341fed78","firstName":"Himanshu","lastName":"Gupta","email":"tripathishivam.311@gmail.com","mobile":8765145698,"token":"eyJhbGciOiJIUzI1NiIsInR5cCI6IkpXVCJ9.eyJfaWQiOiI2MDQ4NTk0OTUzODEwNDM4MzQxZmVkNzgiLCJmaXJzdE5hbWUiOiJIaW1hbnNodSIsImxhc3ROYW1lIjoiR3VwdGEiLCJlbWFpbCI6InRyaXBhdGhpc2hpdmFtLjMxMUBnbWFpbC5jb20iLCJtb2JpbGUiOjg3NjUxNDU2OTgsImlhdCI6MTYxNTgzNzYyMSwiZXhwIjoxNjE1ODQ0ODIxfQ.i7aOY_BittjtbH9fsI3AN0ztP_3v9qr49YCAshakCPA"},"code":200} {"timestamp":"16-03-2021 01:17:01"}
info: This is port 4000 {"timestamp":"16-03-2021 01:17:58"}
info: This is port 4000 {"timestamp":"16-03-2021 01:18:21"}
info: This is port 4000 {"timestamp":"16-03-2021 01:20:04"}
info: {"flag":true,"message":"labels by userId","result":[{"_id":"604e5c2867d9500bf489574f","userId":"6048594953810438341fed78","labelTitle":"reactjs note is established","__v":0},{"_id":"604e5cda67d9500bf4895753","userId":"6048594953810438341fed78","labelTitle":"This is my lable","__v":0},{"_id":"604ef4dd9b0d001e9cd9c2f3","userId":"6048594953810438341fed78","noteId":"6049b32eb653662ba0c33811","labelTitle":"Note 2","__v":0},{"_id":"604ef5459b0d001e9cd9c2f4","userId":"6048594953810438341fed78","labelTitle":"new label","__v":0},{"_id":"604ef54c9b0d001e9cd9c2f5","userId":"6048594953810438341fed78","noteId":"6049b32eb653662ba0c33811","labelTitle":"Note 2","__v":0},{"_id":"604efd971b7ed01cd03ab93b","userId":"6048594953810438341fed78","noteId":"6049b32eb653662ba0c33811","labelTitle":"Note 2","__v":0},{"_id":"604efdc80d857f1d881cfc53","userId":"6048594953810438341fed78","noteId":"6049b32eb653662ba0c33811","labelTitle":"Note 2","__v":0},{"_id":"604efe214a2bc115a03646c0","userId":"6048594953810438341fed78","noteId":"6049b32eb653662ba0c33811","labelTitle":"Note 2","__v":0},{"_id":"604efe51e4f38c182c65e42e","userId":"6048594953810438341fed78","noteId":"6049b32eb653662ba0c33811","labelTitle":"Note 2","__v":0}],"code":200} {"timestamp":"16-03-2021 01:25:20"}
info: {"flag":true,"message":"labels by userId","result":[{"_id":"604e5c2867d9500bf489574f","userId":"6048594953810438341fed78","labelTitle":"reactjs note is established","__v":0},{"_id":"604e5cda67d9500bf4895753","userId":"6048594953810438341fed78","labelTitle":"This is my lable","__v":0},{"_id":"604ef4dd9b0d001e9cd9c2f3","userId":"6048594953810438341fed78","noteId":"6049b32eb653662ba0c33811","labelTitle":"Note 2","__v":0},{"_id":"604ef5459b0d001e9cd9c2f4","userId":"6048594953810438341fed78","labelTitle":"new label","__v":0},{"_id":"604ef54c9b0d001e9cd9c2f5","userId":"6048594953810438341fed78","noteId":"6049b32eb653662ba0c33811","labelTitle":"Note 2","__v":0},{"_id":"604efd971b7ed01cd03ab93b","userId":"6048594953810438341fed78","noteId":"6049b32eb653662ba0c33811","labelTitle":"Note 2","__v":0},{"_id":"604efdc80d857f1d881cfc53","userId":"6048594953810438341fed78","noteId":"6049b32eb653662ba0c33811","labelTitle":"Note 2","__v":0},{"_id":"604efe214a2bc115a03646c0","userId":"6048594953810438341fed78","noteId":"6049b32eb653662ba0c33811","labelTitle":"Note 2","__v":0},{"_id":"604efe51e4f38c182c65e42e","userId":"6048594953810438341fed78","noteId":"6049b32eb653662ba0c33811","labelTitle":"Note 2","__v":0}],"code":200} {"timestamp":"16-03-2021 01:29:06"}
info: This is port 4000 {"timestamp":"16-03-2021 01:33:25"}
info: This is port 4000 {"timestamp":"16-03-2021 01:35:43"}
info: This is port 4000 {"timestamp":"16-03-2021 01:38:32"}
info: This is port 4000 {"timestamp":"16-03-2021 01:38:37"}
info: This is port 4000 {"timestamp":"16-03-2021 01:42:03"}
info: This is port 4000 {"timestamp":"16-03-2021 01:43:05"}
info: This is port 4000 {"timestamp":"16-03-2021 01:44:13"}
info: This is port 4000 {"timestamp":"16-03-2021 01:47:33"}
info: This is port 4000 {"timestamp":"16-03-2021 01:47:43"}
info: This is port 4000 {"timestamp":"16-03-2021 01:48:07"}
info: This is port 4000 {"timestamp":"16-03-2021 02:04:53"}
info: This is port 4000 {"timestamp":"16-03-2021 02:10:08"}
info: This is port 4000 {"timestamp":"16-03-2021 02:10:27"}
info: This is port 4000 {"timestamp":"16-03-2021 02:11:02"}
info: This is port 4000 {"timestamp":"16-03-2021 02:30:29"}
info: This is port 4000 {"timestamp":"16-03-2021 02:42:46"}
info: This is port 4000 {"timestamp":"16-03-2021 02:43:13"}
info: This is port 4000 {"timestamp":"16-03-2021 02:43:41"}
info: This is port 4000 {"timestamp":"16-03-2021 02:46:10"}
info: This is port 4000 {"timestamp":"16-03-2021 02:50:33"}
info: This is port 4000 {"timestamp":"16-03-2021 02:52:11"}
info: {"success":true,"message":"Token Generated","token":"eyJhbGciOiJIUzI1NiIsInR5cCI6IkpXVCJ9.eyJfaWQiOiI2MDQ4NTk0OTUzODEwNDM4MzQxZmVkNzgiLCJmaXJzdE5hbWUiOiJIaW1hbnNodSIsImxhc3ROYW1lIjoiR3VwdGEiLCJlbWFpbCI6InRyaXBhdGhpc2hpdmFtLjMxMUBnbWFpbC5jb20iLCJtb2JpbGUiOjg3NjUxNDU2OTgsImlhdCI6MTYxNTg0MzQwNywiZXhwIjoxNjE1ODUwNjA3fQ.jdzkFnHIe5lzZkxiyEAFAEgXm1uerVq-GH4Va7ZjYwM"} {"timestamp":"16-03-2021 02:53:27"}
info: {"flag":true,"message":"Login sucessfull !","data":{"_id":"6048594953810438341fed78","firstName":"Himanshu","lastName":"Gupta","email":"tripathishivam.311@gmail.com","mobile":8765145698,"token":"eyJhbGciOiJIUzI1NiIsInR5cCI6IkpXVCJ9.eyJfaWQiOiI2MDQ4NTk0OTUzODEwNDM4MzQxZmVkNzgiLCJmaXJzdE5hbWUiOiJIaW1hbnNodSIsImxhc3ROYW1lIjoiR3VwdGEiLCJlbWFpbCI6InRyaXBhdGhpc2hpdmFtLjMxMUBnbWFpbC5jb20iLCJtb2JpbGUiOjg3NjUxNDU2OTgsImlhdCI6MTYxNTg0MzQwNywiZXhwIjoxNjE1ODUwNjA3fQ.jdzkFnHIe5lzZkxiyEAFAEgXm1uerVq-GH4Va7ZjYwM"},"code":200} {"timestamp":"16-03-2021 02:53:27"}
info: This is port 4000 {"timestamp":"16-03-2021 03:00:10"}
info: {"flag":true,"message":"Label successfull!","result":{"_id":"604fd291b497bd2454ebbc2e","userId":"6048594953810438341fed78","labelTitle":"Title 3","__v":0},"code":200} {"timestamp":"16-03-2021 03:03:05"}
info: This is port 4000 {"timestamp":"16-03-2021 03:03:34"}
info: {"flag":true,"message":"Label successfull!","result":{"_id":"604fd2b272c6792f906b3520","userId":"6048594953810438341fed78","labelTitle":"Title 3","__v":0},"code":200} {"timestamp":"16-03-2021 03:03:38"}
info: This is port 4000 {"timestamp":"16-03-2021 03:05:24"}
info: This is port 4000 {"timestamp":"16-03-2021 03:08:02"}
info: This is port 4000 {"timestamp":"16-03-2021 03:08:23"}
info: This is port 4000 {"timestamp":"16-03-2021 03:09:53"}
info: This is port 4000 {"timestamp":"16-03-2021 03:10:18"}
info: This is port 4000 {"timestamp":"16-03-2021 03:11:40"}
info: This is port 4000 {"timestamp":"16-03-2021 03:12:16"}
info: This is port 4000 {"timestamp":"16-03-2021 03:13:32"}
info: This is port 4000 {"timestamp":"16-03-2021 10:57:12"}
info: This is port 4000 {"timestamp":"16-03-2021 10:59:52"}
info: This is port 4000 {"timestamp":"16-03-2021 11:01:06"}
info: This is port 4000 {"timestamp":"16-03-2021 11:02:03"}
info: This is port 4000 {"timestamp":"16-03-2021 11:03:08"}
info: {"success":true,"message":"Token Generated","token":"eyJhbGciOiJIUzI1NiIsInR5cCI6IkpXVCJ9.eyJfaWQiOiI2MDQ4NTk0OTUzODEwNDM4MzQxZmVkNzgiLCJmaXJzdE5hbWUiOiJIaW1hbnNodSIsImxhc3ROYW1lIjoiR3VwdGEiLCJlbWFpbCI6InRyaXBhdGhpc2hpdmFtLjMxMUBnbWFpbC5jb20iLCJtb2JpbGUiOjg3NjUxNDU2OTgsImlhdCI6MTYxNTg3Mjg0OCwiZXhwIjoxNjE1ODgwMDQ4fQ.w0-l338bsai3YelC2VhuzEEBo4RBzauZnU44wESdLm8"} {"timestamp":"16-03-2021 11:04:08"}
info: {"flag":true,"message":"Login sucessfull !","data":{"_id":"6048594953810438341fed78","firstName":"Himanshu","lastName":"Gupta","email":"tripathishivam.311@gmail.com","mobile":8765145698,"token":"eyJhbGciOiJIUzI1NiIsInR5cCI6IkpXVCJ9.eyJfaWQiOiI2MDQ4NTk0OTUzODEwNDM4MzQxZmVkNzgiLCJmaXJzdE5hbWUiOiJIaW1hbnNodSIsImxhc3ROYW1lIjoiR3VwdGEiLCJlbWFpbCI6InRyaXBhdGhpc2hpdmFtLjMxMUBnbWFpbC5jb20iLCJtb2JpbGUiOjg3NjUxNDU2OTgsImlhdCI6MTYxNTg3Mjg0OCwiZXhwIjoxNjE1ODgwMDQ4fQ.w0-l338bsai3YelC2VhuzEEBo4RBzauZnU44wESdLm8"},"code":200} {"timestamp":"16-03-2021 11:04:08"}
info: This is port 4000 {"timestamp":"16-03-2021 11:07:06"}
info: This is port 4000 {"timestamp":"16-03-2021 11:08:07"}
info: This is port 4000 {"timestamp":"16-03-2021 11:10:42"}
info: This is port 4000 {"timestamp":"16-03-2021 11:12:51"}
info: This is port 4000 {"timestamp":"16-03-2021 11:13:12"}
info: This is port 4000 {"timestamp":"16-03-2021 11:14:04"}
info: This is port 4000 {"timestamp":"16-03-2021 11:14:29"}
info: This is port 4000 {"timestamp":"16-03-2021 11:16:35"}
info: This is port 4000 {"timestamp":"16-03-2021 11:16:55"}
info: This is port 4000 {"timestamp":"16-03-2021 11:17:22"}
info: This is port 4000 {"timestamp":"16-03-2021 11:17:49"}
info: This is port 4000 {"timestamp":"16-03-2021 11:20:07"}
info: This is port 4000 {"timestamp":"16-03-2021 11:21:04"}
info: This is port 4000 {"timestamp":"16-03-2021 11:22:06"}
info: This is port 4000 {"timestamp":"16-03-2021 11:22:44"}
info: This is port 4000 {"timestamp":"16-03-2021 11:22:51"}
info: This is port 4000 {"timestamp":"16-03-2021 11:26:35"}
info: This is port 4000 {"timestamp":"16-03-2021 11:27:12"}
info: This is port 4000 {"timestamp":"16-03-2021 11:29:22"}
info: This is port 4000 {"timestamp":"16-03-2021 11:30:23"}
info: This is port 4000 {"timestamp":"16-03-2021 11:31:33"}
info: This is port 4000 {"timestamp":"16-03-2021 11:32:14"}
info: This is port 4000 {"timestamp":"16-03-2021 11:38:12"}
info: This is port 4000 {"timestamp":"16-03-2021 11:44:52"}
info: This is port 4000 {"timestamp":"16-03-2021 11:45:59"}
info: This is port 4000 {"timestamp":"16-03-2021 11:46:34"}
info: This is port 4000 {"timestamp":"16-03-2021 12:03:04"}
info: This is port 4000 {"timestamp":"16-03-2021 12:03:13"}
info: This is port 4000 {"timestamp":"16-03-2021 12:04:29"}
info: This is port 4000 {"timestamp":"16-03-2021 12:15:50"}
info: This is port 4000 {"timestamp":"16-03-2021 12:22:14"}
info: This is port 4000 {"timestamp":"16-03-2021 12:26:13"}
info: This is port 4000 {"timestamp":"16-03-2021 12:27:44"}
info: This is port 4000 {"timestamp":"16-03-2021 12:30:46"}
info: This is port 4000 {"timestamp":"16-03-2021 12:45:43"}
info: This is port 4000 {"timestamp":"16-03-2021 12:45:53"}
info: This is port 4000 {"timestamp":"16-03-2021 19:20:22"}
info: This is port 4000 {"timestamp":"16-03-2021 20:21:00"}
info: This is port 4000 {"timestamp":"16-03-2021 20:27:59"}
info: This is port 4000 {"timestamp":"16-03-2021 20:28:28"}
info: This is port 4000 {"timestamp":"16-03-2021 20:29:12"}
info: This is port 4000 {"timestamp":"16-03-2021 20:29:28"}
info: This is port 4000 {"timestamp":"16-03-2021 20:34:24"}
info: This is port 4000 {"timestamp":"16-03-2021 20:36:07"}
info: This is port 4000 {"timestamp":"16-03-2021 20:37:56"}
info: This is port 4000 {"timestamp":"16-03-2021 20:43:06"}
info: This is port 4000 {"timestamp":"16-03-2021 20:44:02"}
info: This is port 4000 {"timestamp":"16-03-2021 20:52:57"}
info: This is port 4000 {"timestamp":"16-03-2021 20:54:52"}
info: This is port 4000 {"timestamp":"16-03-2021 20:55:48"}
info: This is port 4000 {"timestamp":"16-03-2021 20:58:20"}
info: This is port 4000 {"timestamp":"16-03-2021 21:05:48"}
info: This is port 4000 {"timestamp":"16-03-2021 21:07:44"}
info: This is port 4000 {"timestamp":"16-03-2021 21:16:40"}
info: This is port 4000 {"timestamp":"16-03-2021 21:21:41"}
info: This is port 4000 {"timestamp":"16-03-2021 21:38:42"}
info: This is port 4000 {"timestamp":"16-03-2021 21:41:16"}
info: This is port 4000 {"timestamp":"16-03-2021 21:42:09"}
info: This is port 4000 {"timestamp":"16-03-2021 21:42:52"}
info: This is port 4000 {"timestamp":"16-03-2021 21:44:21"}
info: This is port 4000 {"timestamp":"16-03-2021 21:45:39"}
info: This is port 4000 {"timestamp":"16-03-2021 21:47:59"}
info: This is port 4000 {"timestamp":"16-03-2021 21:51:06"}
info: {"success":true,"message":"Token Generated","token":"eyJhbGciOiJIUzI1NiIsInR5cCI6IkpXVCJ9.eyJfaWQiOiI2MDQ4NTk0OTUzODEwNDM4MzQxZmVkNzgiLCJmaXJzdE5hbWUiOiJIaW1hbnNodSIsImxhc3ROYW1lIjoiR3VwdGEiLCJlbWFpbCI6InRyaXBhdGhpc2hpdmFtLjMxMUBnbWFpbC5jb20iLCJtb2JpbGUiOjg3NjUxNDU2OTgsImlhdCI6MTYxNTkxMTY3OSwiZXhwIjoxNjE1OTE4ODc5fQ.12jL35hQZJ1Y-C3HH3CzaVOqMwOb6n38ogrZqVXkbSg"} {"timestamp":"16-03-2021 21:51:19"}
info: {"flag":true,"message":"Login sucessfull !","data":{"_id":"6048594953810438341fed78","firstName":"Himanshu","lastName":"Gupta","email":"tripathishivam.311@gmail.com","mobile":8765145698,"token":"eyJhbGciOiJIUzI1NiIsInR5cCI6IkpXVCJ9.eyJfaWQiOiI2MDQ4NTk0OTUzODEwNDM4MzQxZmVkNzgiLCJmaXJzdE5hbWUiOiJIaW1hbnNodSIsImxhc3ROYW1lIjoiR3VwdGEiLCJlbWFpbCI6InRyaXBhdGhpc2hpdmFtLjMxMUBnbWFpbC5jb20iLCJtb2JpbGUiOjg3NjUxNDU2OTgsImlhdCI6MTYxNTkxMTY3OSwiZXhwIjoxNjE1OTE4ODc5fQ.12jL35hQZJ1Y-C3HH3CzaVOqMwOb6n38ogrZqVXkbSg"},"code":200} {"timestamp":"16-03-2021 21:51:19"}
info: {"success":true,"message":"Token Generated","token":"eyJhbGciOiJIUzI1NiIsInR5cCI6IkpXVCJ9.eyJfaWQiOiI2MDQ4NTk0OTUzODEwNDM4MzQxZmVkNzgiLCJmaXJzdE5hbWUiOiJIaW1hbnNodSIsImxhc3ROYW1lIjoiR3VwdGEiLCJlbWFpbCI6InRyaXBhdGhpc2hpdmFtLjMxMUBnbWFpbC5jb20iLCJtb2JpbGUiOjg3NjUxNDU2OTgsImlhdCI6MTYxNTkxMTcwOCwiZXhwIjoxNjE1OTE4OTA4fQ.54eauwLpZ-QIgIi8BXvLFH-NodWj4oIa0FhmkBVhc7c"} {"timestamp":"16-03-2021 21:51:48"}
info: {"flag":true,"message":"Login sucessfull !","data":{"_id":"6048594953810438341fed78","firstName":"Himanshu","lastName":"Gupta","email":"tripathishivam.311@gmail.com","mobile":8765145698,"token":"eyJhbGciOiJIUzI1NiIsInR5cCI6IkpXVCJ9.eyJfaWQiOiI2MDQ4NTk0OTUzODEwNDM4MzQxZmVkNzgiLCJmaXJzdE5hbWUiOiJIaW1hbnNodSIsImxhc3ROYW1lIjoiR3VwdGEiLCJlbWFpbCI6InRyaXBhdGhpc2hpdmFtLjMxMUBnbWFpbC5jb20iLCJtb2JpbGUiOjg3NjUxNDU2OTgsImlhdCI6MTYxNTkxMTcwOCwiZXhwIjoxNjE1OTE4OTA4fQ.54eauwLpZ-QIgIi8BXvLFH-NodWj4oIa0FhmkBVhc7c"},"code":200} {"timestamp":"16-03-2021 21:51:48"}
info: This is port 4000 {"timestamp":"16-03-2021 22:12:32"}
info: This is port 4000 {"timestamp":"16-03-2021 22:25:58"}
info: This is port 4000 {"timestamp":"16-03-2021 22:26:53"}
info: This is port 4000 {"timestamp":"16-03-2021 22:28:03"}
info: {"success":true,"message":"Token Generated","token":"eyJhbGciOiJIUzI1NiIsInR5cCI6IkpXVCJ9.eyJlbWFpbCI6InRyaXBhdGhpc2hpdmFtLjMxMUBnbWFpbC5jb20iLCJpYXQiOjE2MTU5MTM5MjMsImV4cCI6MTYxNTkyMTEyM30.rMWc0DTrofLETEq2da5-4fTG2APM1PbGyXJfQV5Tsfs"} {"timestamp":"16-03-2021 22:28:43"}
info: This is port 4000 {"timestamp":"17-03-2021 02:04:56"}
info: This is port 4000 {"timestamp":"17-03-2021 02:05:39"}
info: This is port 4000 {"timestamp":"17-03-2021 02:06:00"}
info: This is port 4000 {"timestamp":"17-03-2021 02:15:48"}
info: This is port 4000 {"timestamp":"17-03-2021 02:21:17"}
info: This is port 4000 {"timestamp":"17-03-2021 02:21:32"}
info: This is port 4000 {"timestamp":"17-03-2021 02:23:04"}
info: This is port 4000 {"timestamp":"17-03-2021 02:28:28"}
info: This is port 4000 {"timestamp":"17-03-2021 02:30:17"}
info: This is port 4000 {"timestamp":"17-03-2021 02:42:44"}
info: This is port 4000 {"timestamp":"17-03-2021 12:48:42"}
info: This is port 4000 {"timestamp":"17-03-2021 13:55:15"}
